<?xml version="1.0" encoding="UTF-8"?>
<testsuite xmlns:xsi="http://www.w3.org/2001/XMLSchema-instance" xsi:noNamespaceSchemaLocation="https://maven.apache.org/surefire/maven-surefire-plugin/xsd/surefire-test-report.xsd" name="RunCucumberTest" time="1.609" tests="2" errors="0" skipped="0" failures="2">
  <properties>
    <property name="java.specification.version" value="18"/>
    <property name="sun.jnu.encoding" value="UTF-8"/>
    <property name="java.class.path" value="/Users/aurinelle.bouekassa-taboudi/GitHubRepos/ndelius-ui-automation/target/test-classes:/Users/aurinelle.bouekassa-taboudi/GitHubRepos/ndelius-ui-automation/target/classes:/Users/aurinelle.bouekassa-taboudi/.m2/repository/org/seleniumhq/selenium/selenium-java/4.7.2/selenium-java-4.7.2.jar:/Users/aurinelle.bouekassa-taboudi/.m2/repository/org/seleniumhq/selenium/selenium-api/4.7.2/selenium-api-4.7.2.jar:/Users/aurinelle.bouekassa-taboudi/.m2/repository/org/seleniumhq/selenium/selenium-chrome-driver/4.7.2/selenium-chrome-driver-4.7.2.jar:/Users/aurinelle.bouekassa-taboudi/.m2/repository/com/google/auto/service/auto-service-annotations/1.0.1/auto-service-annotations-1.0.1.jar:/Users/aurinelle.bouekassa-taboudi/.m2/repository/com/google/auto/service/auto-service/1.0.1/auto-service-1.0.1.jar:/Users/aurinelle.bouekassa-taboudi/.m2/repository/com/google/auto/auto-common/1.2/auto-common-1.2.jar:/Users/aurinelle.bouekassa-taboudi/.m2/repository/com/google/guava/guava/31.1-jre/guava-31.1-jre.jar:/Users/aurinelle.bouekassa-taboudi/.m2/repository/com/google/guava/failureaccess/1.0.1/failureaccess-1.0.1.jar:/Users/aurinelle.bouekassa-taboudi/.m2/repository/com/google/guava/listenablefuture/9999.0-empty-to-avoid-conflict-with-guava/listenablefuture-9999.0-empty-to-avoid-conflict-with-guava.jar:/Users/aurinelle.bouekassa-taboudi/.m2/repository/com/google/code/findbugs/jsr305/3.0.2/jsr305-3.0.2.jar:/Users/aurinelle.bouekassa-taboudi/.m2/repository/org/checkerframework/checker-qual/3.12.0/checker-qual-3.12.0.jar:/Users/aurinelle.bouekassa-taboudi/.m2/repository/com/google/errorprone/error_prone_annotations/2.11.0/error_prone_annotations-2.11.0.jar:/Users/aurinelle.bouekassa-taboudi/.m2/repository/com/google/j2objc/j2objc-annotations/1.3/j2objc-annotations-1.3.jar:/Users/aurinelle.bouekassa-taboudi/.m2/repository/org/seleniumhq/selenium/selenium-chromium-driver/4.7.2/selenium-chromium-driver-4.7.2.jar:/Users/aurinelle.bouekassa-taboudi/.m2/repository/org/seleniumhq/selenium/selenium-json/4.7.2/selenium-json-4.7.2.jar:/Users/aurinelle.bouekassa-taboudi/.m2/repository/org/seleniumhq/selenium/selenium-devtools-v106/4.7.2/selenium-devtools-v106-4.7.2.jar:/Users/aurinelle.bouekassa-taboudi/.m2/repository/org/seleniumhq/selenium/selenium-devtools-v107/4.7.2/selenium-devtools-v107-4.7.2.jar:/Users/aurinelle.bouekassa-taboudi/.m2/repository/org/seleniumhq/selenium/selenium-devtools-v108/4.7.2/selenium-devtools-v108-4.7.2.jar:/Users/aurinelle.bouekassa-taboudi/.m2/repository/org/seleniumhq/selenium/selenium-devtools-v85/4.7.2/selenium-devtools-v85-4.7.2.jar:/Users/aurinelle.bouekassa-taboudi/.m2/repository/org/seleniumhq/selenium/selenium-edge-driver/4.7.2/selenium-edge-driver-4.7.2.jar:/Users/aurinelle.bouekassa-taboudi/.m2/repository/org/seleniumhq/selenium/selenium-firefox-driver/4.7.2/selenium-firefox-driver-4.7.2.jar:/Users/aurinelle.bouekassa-taboudi/.m2/repository/org/seleniumhq/selenium/selenium-http/4.7.2/selenium-http-4.7.2.jar:/Users/aurinelle.bouekassa-taboudi/.m2/repository/dev/failsafe/failsafe/3.3.0/failsafe-3.3.0.jar:/Users/aurinelle.bouekassa-taboudi/.m2/repository/org/seleniumhq/selenium/selenium-ie-driver/4.7.2/selenium-ie-driver-4.7.2.jar:/Users/aurinelle.bouekassa-taboudi/.m2/repository/org/seleniumhq/selenium/selenium-remote-driver/4.7.2/selenium-remote-driver-4.7.2.jar:/Users/aurinelle.bouekassa-taboudi/.m2/repository/io/netty/netty-buffer/4.1.84.Final/netty-buffer-4.1.84.Final.jar:/Users/aurinelle.bouekassa-taboudi/.m2/repository/io/netty/netty-codec-http/4.1.84.Final/netty-codec-http-4.1.84.Final.jar:/Users/aurinelle.bouekassa-taboudi/.m2/repository/io/netty/netty-codec/4.1.84.Final/netty-codec-4.1.84.Final.jar:/Users/aurinelle.bouekassa-taboudi/.m2/repository/io/netty/netty-handler/4.1.84.Final/netty-handler-4.1.84.Final.jar:/Users/aurinelle.bouekassa-taboudi/.m2/repository/io/netty/netty-common/4.1.84.Final/netty-common-4.1.84.Final.jar:/Users/aurinelle.bouekassa-taboudi/.m2/repository/io/netty/netty-transport-classes-epoll/4.1.84.Final/netty-transport-classes-epoll-4.1.84.Final.jar:/Users/aurinelle.bouekassa-taboudi/.m2/repository/io/netty/netty-transport-classes-kqueue/4.1.84.Final/netty-transport-classes-kqueue-4.1.84.Final.jar:/Users/aurinelle.bouekassa-taboudi/.m2/repository/io/netty/netty-transport-native-epoll/4.1.84.Final/netty-transport-native-epoll-4.1.84.Final.jar:/Users/aurinelle.bouekassa-taboudi/.m2/repository/io/netty/netty-transport-native-kqueue/4.1.84.Final/netty-transport-native-kqueue-4.1.84.Final.jar:/Users/aurinelle.bouekassa-taboudi/.m2/repository/io/netty/netty-transport-native-unix-common/4.1.84.Final/netty-transport-native-unix-common-4.1.84.Final.jar:/Users/aurinelle.bouekassa-taboudi/.m2/repository/io/netty/netty-transport/4.1.84.Final/netty-transport-4.1.84.Final.jar:/Users/aurinelle.bouekassa-taboudi/.m2/repository/io/netty/netty-resolver/4.1.84.Final/netty-resolver-4.1.84.Final.jar:/Users/aurinelle.bouekassa-taboudi/.m2/repository/io/opentelemetry/opentelemetry-api/1.19.0/opentelemetry-api-1.19.0.jar:/Users/aurinelle.bouekassa-taboudi/.m2/repository/io/opentelemetry/opentelemetry-context/1.19.0/opentelemetry-context-1.19.0.jar:/Users/aurinelle.bouekassa-taboudi/.m2/repository/io/opentelemetry/opentelemetry-exporter-logging/1.19.0/opentelemetry-exporter-logging-1.19.0.jar:/Users/aurinelle.bouekassa-taboudi/.m2/repository/io/opentelemetry/opentelemetry-sdk-metrics/1.19.0/opentelemetry-sdk-metrics-1.19.0.jar:/Users/aurinelle.bouekassa-taboudi/.m2/repository/io/opentelemetry/opentelemetry-sdk-logs/1.19.0-alpha/opentelemetry-sdk-logs-1.19.0-alpha.jar:/Users/aurinelle.bouekassa-taboudi/.m2/repository/io/opentelemetry/opentelemetry-api-logs/1.19.0-alpha/opentelemetry-api-logs-1.19.0-alpha.jar:/Users/aurinelle.bouekassa-taboudi/.m2/repository/io/opentelemetry/opentelemetry-sdk-common/1.19.0/opentelemetry-sdk-common-1.19.0.jar:/Users/aurinelle.bouekassa-taboudi/.m2/repository/io/opentelemetry/opentelemetry-sdk-extension-autoconfigure-spi/1.19.0/opentelemetry-sdk-extension-autoconfigure-spi-1.19.0.jar:/Users/aurinelle.bouekassa-taboudi/.m2/repository/io/opentelemetry/opentelemetry-sdk-extension-autoconfigure/1.19.0-alpha/opentelemetry-sdk-extension-autoconfigure-1.19.0-alpha.jar:/Users/aurinelle.bouekassa-taboudi/.m2/repository/io/opentelemetry/opentelemetry-exporter-common/1.19.0/opentelemetry-exporter-common-1.19.0.jar:/Users/aurinelle.bouekassa-taboudi/.m2/repository/io/opentelemetry/opentelemetry-sdk-trace/1.19.0/opentelemetry-sdk-trace-1.19.0.jar:/Users/aurinelle.bouekassa-taboudi/.m2/repository/io/opentelemetry/opentelemetry-sdk/1.19.0/opentelemetry-sdk-1.19.0.jar:/Users/aurinelle.bouekassa-taboudi/.m2/repository/io/opentelemetry/opentelemetry-semconv/1.19.0-alpha/opentelemetry-semconv-1.19.0-alpha.jar:/Users/aurinelle.bouekassa-taboudi/.m2/repository/io/ous/jtoml/2.0.0/jtoml-2.0.0.jar:/Users/aurinelle.bouekassa-taboudi/.m2/repository/net/bytebuddy/byte-buddy/1.12.18/byte-buddy-1.12.18.jar:/Users/aurinelle.bouekassa-taboudi/.m2/repository/org/apache/commons/commons-exec/1.3/commons-exec-1.3.jar:/Users/aurinelle.bouekassa-taboudi/.m2/repository/org/asynchttpclient/async-http-client/2.12.3/async-http-client-2.12.3.jar:/Users/aurinelle.bouekassa-taboudi/.m2/repository/org/asynchttpclient/async-http-client-netty-utils/2.12.3/async-http-client-netty-utils-2.12.3.jar:/Users/aurinelle.bouekassa-taboudi/.m2/repository/io/netty/netty-codec-socks/4.1.60.Final/netty-codec-socks-4.1.60.Final.jar:/Users/aurinelle.bouekassa-taboudi/.m2/repository/io/netty/netty-handler-proxy/4.1.60.Final/netty-handler-proxy-4.1.60.Final.jar:/Users/aurinelle.bouekassa-taboudi/.m2/repository/io/netty/netty-transport-native-epoll/4.1.60.Final/netty-transport-native-epoll-4.1.60.Final-linux-x86_64.jar:/Users/aurinelle.bouekassa-taboudi/.m2/repository/io/netty/netty-transport-native-kqueue/4.1.60.Final/netty-transport-native-kqueue-4.1.60.Final-osx-x86_64.jar:/Users/aurinelle.bouekassa-taboudi/.m2/repository/org/reactivestreams/reactive-streams/1.0.3/reactive-streams-1.0.3.jar:/Users/aurinelle.bouekassa-taboudi/.m2/repository/com/typesafe/netty/netty-reactive-streams/2.0.4/netty-reactive-streams-2.0.4.jar:/Users/aurinelle.bouekassa-taboudi/.m2/repository/com/sun/activation/jakarta.activation/1.2.2/jakarta.activation-1.2.2.jar:/Users/aurinelle.bouekassa-taboudi/.m2/repository/org/seleniumhq/selenium/selenium-manager/4.7.2/selenium-manager-4.7.2.jar:/Users/aurinelle.bouekassa-taboudi/.m2/repository/org/seleniumhq/selenium/selenium-safari-driver/4.7.2/selenium-safari-driver-4.7.2.jar:/Users/aurinelle.bouekassa-taboudi/.m2/repository/org/seleniumhq/selenium/selenium-support/4.7.2/selenium-support-4.7.2.jar:/Users/aurinelle.bouekassa-taboudi/.m2/repository/io/cucumber/cucumber-java/7.10.1/cucumber-java-7.10.1.jar:/Users/aurinelle.bouekassa-taboudi/.m2/repository/io/cucumber/cucumber-core/7.10.1/cucumber-core-7.10.1.jar:/Users/aurinelle.bouekassa-taboudi/.m2/repository/io/cucumber/cucumber-gherkin/7.10.1/cucumber-gherkin-7.10.1.jar:/Users/aurinelle.bouekassa-taboudi/.m2/repository/io/cucumber/cucumber-gherkin-messages/7.10.1/cucumber-gherkin-messages-7.10.1.jar:/Users/aurinelle.bouekassa-taboudi/.m2/repository/io/cucumber/gherkin/25.0.2/gherkin-25.0.2.jar:/Users/aurinelle.bouekassa-taboudi/.m2/repository/io/cucumber/messages/19.1.4/messages-19.1.4.jar:/Users/aurinelle.bouekassa-taboudi/.m2/repository/io/cucumber/tag-expressions/4.1.0/tag-expressions-4.1.0.jar:/Users/aurinelle.bouekassa-taboudi/.m2/repository/io/cucumber/cucumber-expressions/16.1.1/cucumber-expressions-16.1.1.jar:/Users/aurinelle.bouekassa-taboudi/.m2/repository/io/cucumber/datatable/7.10.1/datatable-7.10.1.jar:/Users/aurinelle.bouekassa-taboudi/.m2/repository/io/cucumber/cucumber-plugin/7.10.1/cucumber-plugin-7.10.1.jar:/Users/aurinelle.bouekassa-taboudi/.m2/repository/io/cucumber/docstring/7.10.1/docstring-7.10.1.jar:/Users/aurinelle.bouekassa-taboudi/.m2/repository/io/cucumber/html-formatter/20.2.0/html-formatter-20.2.0.jar:/Users/aurinelle.bouekassa-taboudi/.m2/repository/io/cucumber/ci-environment/9.1.0/ci-environment-9.1.0.jar:/Users/aurinelle.bouekassa-taboudi/.m2/repository/org/apiguardian/apiguardian-api/1.1.2/apiguardian-api-1.1.2.jar:/Users/aurinelle.bouekassa-taboudi/.m2/repository/org/testng/testng/7.7.1/testng-7.7.1.jar:/Users/aurinelle.bouekassa-taboudi/.m2/repository/org/slf4j/slf4j-api/1.7.36/slf4j-api-1.7.36.jar:/Users/aurinelle.bouekassa-taboudi/.m2/repository/com/beust/jcommander/1.82/jcommander-1.82.jar:/Users/aurinelle.bouekassa-taboudi/.m2/repository/org/webjars/jquery/3.6.1/jquery-3.6.1.jar:/Users/aurinelle.bouekassa-taboudi/.m2/repository/io/cucumber/cucumber-testng/7.10.1/cucumber-testng-7.10.1.jar:/Users/aurinelle.bouekassa-taboudi/.m2/repository/io/github/bonigarcia/webdrivermanager/5.3.1/webdrivermanager-5.3.1.jar:/Users/aurinelle.bouekassa-taboudi/.m2/repository/com/google/code/gson/gson/2.10/gson-2.10.jar:/Users/aurinelle.bouekassa-taboudi/.m2/repository/com/github/docker-java/docker-java/3.2.13/docker-java-3.2.13.jar:/Users/aurinelle.bouekassa-taboudi/.m2/repository/com/github/docker-java/docker-java-core/3.2.13/docker-java-core-3.2.13.jar:/Users/aurinelle.bouekassa-taboudi/.m2/repository/com/github/docker-java/docker-java-api/3.2.13/docker-java-api-3.2.13.jar:/Users/aurinelle.bouekassa-taboudi/.m2/repository/com/fasterxml/jackson/core/jackson-annotations/2.10.3/jackson-annotations-2.10.3.jar:/Users/aurinelle.bouekassa-taboudi/.m2/repository/commons-io/commons-io/2.6/commons-io-2.6.jar:/Users/aurinelle.bouekassa-taboudi/.m2/repository/org/apache/commons/commons-compress/1.21/commons-compress-1.21.jar:/Users/aurinelle.bouekassa-taboudi/.m2/repository/com/fasterxml/jackson/core/jackson-databind/2.10.3/jackson-databind-2.10.3.jar:/Users/aurinelle.bouekassa-taboudi/.m2/repository/com/fasterxml/jackson/core/jackson-core/2.10.3/jackson-core-2.10.3.jar:/Users/aurinelle.bouekassa-taboudi/.m2/repository/org/bouncycastle/bcpkix-jdk15on/1.64/bcpkix-jdk15on-1.64.jar:/Users/aurinelle.bouekassa-taboudi/.m2/repository/org/bouncycastle/bcprov-jdk15on/1.64/bcprov-jdk15on-1.64.jar:/Users/aurinelle.bouekassa-taboudi/.m2/repository/org/slf4j/jcl-over-slf4j/1.7.30/jcl-over-slf4j-1.7.30.jar:/Users/aurinelle.bouekassa-taboudi/.m2/repository/com/github/docker-java/docker-java-transport-httpclient5/3.2.13/docker-java-transport-httpclient5-3.2.13.jar:/Users/aurinelle.bouekassa-taboudi/.m2/repository/com/github/docker-java/docker-java-transport/3.2.13/docker-java-transport-3.2.13.jar:/Users/aurinelle.bouekassa-taboudi/.m2/repository/net/java/dev/jna/jna/5.8.0/jna-5.8.0.jar:/Users/aurinelle.bouekassa-taboudi/.m2/repository/org/brotli/dec/0.1.2/dec-0.1.2.jar:/Users/aurinelle.bouekassa-taboudi/.m2/repository/org/apache/commons/commons-lang3/3.12.0/commons-lang3-3.12.0.jar:/Users/aurinelle.bouekassa-taboudi/.m2/repository/org/apache/httpcomponents/client5/httpclient5/5.1.3/httpclient5-5.1.3.jar:/Users/aurinelle.bouekassa-taboudi/.m2/repository/org/apache/httpcomponents/core5/httpcore5/5.1.3/httpcore5-5.1.3.jar:/Users/aurinelle.bouekassa-taboudi/.m2/repository/org/apache/httpcomponents/core5/httpcore5-h2/5.1.3/httpcore5-h2-5.1.3.jar:/Users/aurinelle.bouekassa-taboudi/.m2/repository/commons-codec/commons-codec/1.15/commons-codec-1.15.jar:/Users/aurinelle.bouekassa-taboudi/.m2/repository/org/projectlombok/lombok/1.18.22/lombok-1.18.22.jar:/Users/aurinelle.bouekassa-taboudi/.m2/repository/org/apache/maven/surefire/surefire-testng-utils/2.22.0/surefire-testng-utils-2.22.0.jar:/Users/aurinelle.bouekassa-taboudi/.m2/repository/org/apache/maven/surefire/surefire-grouper/2.22.0/surefire-grouper-2.22.0.jar:"/>
    <property name="java.vm.vendor" value="Oracle Corporation"/>
    <property name="sun.arch.data.model" value="64"/>
    <property name="java.vendor.url" value="https://java.oracle.com/"/>
    <property name="os.name" value="Mac OS X"/>
    <property name="java.vm.specification.version" value="18"/>
    <property name="sun.java.launcher" value="SUN_STANDARD"/>
    <property name="user.country" value="GB"/>
    <property name="sun.boot.library.path" value="/Library/Java/JavaVirtualMachines/jdk-18.0.1.jdk/Contents/Home/lib"/>
    <property name="sun.java.command" value="/Users/aurinelle.bouekassa-taboudi/GitHubRepos/ndelius-ui-automation/target/surefire/surefirebooter8767131709866855224.jar /Users/aurinelle.bouekassa-taboudi/GitHubRepos/ndelius-ui-automation/target/surefire 2023-01-11T02-20-32_070-jvmRun1 surefire8372488586410161057tmp surefire_014451257099997492490tmp"/>
    <property name="jdk.debug" value="release"/>
    <property name="surefire.test.class.path" value="/Users/aurinelle.bouekassa-taboudi/GitHubRepos/ndelius-ui-automation/target/test-classes:/Users/aurinelle.bouekassa-taboudi/GitHubRepos/ndelius-ui-automation/target/classes:/Users/aurinelle.bouekassa-taboudi/.m2/repository/org/seleniumhq/selenium/selenium-java/4.7.2/selenium-java-4.7.2.jar:/Users/aurinelle.bouekassa-taboudi/.m2/repository/org/seleniumhq/selenium/selenium-api/4.7.2/selenium-api-4.7.2.jar:/Users/aurinelle.bouekassa-taboudi/.m2/repository/org/seleniumhq/selenium/selenium-chrome-driver/4.7.2/selenium-chrome-driver-4.7.2.jar:/Users/aurinelle.bouekassa-taboudi/.m2/repository/com/google/auto/service/auto-service-annotations/1.0.1/auto-service-annotations-1.0.1.jar:/Users/aurinelle.bouekassa-taboudi/.m2/repository/com/google/auto/service/auto-service/1.0.1/auto-service-1.0.1.jar:/Users/aurinelle.bouekassa-taboudi/.m2/repository/com/google/auto/auto-common/1.2/auto-common-1.2.jar:/Users/aurinelle.bouekassa-taboudi/.m2/repository/com/google/guava/guava/31.1-jre/guava-31.1-jre.jar:/Users/aurinelle.bouekassa-taboudi/.m2/repository/com/google/guava/failureaccess/1.0.1/failureaccess-1.0.1.jar:/Users/aurinelle.bouekassa-taboudi/.m2/repository/com/google/guava/listenablefuture/9999.0-empty-to-avoid-conflict-with-guava/listenablefuture-9999.0-empty-to-avoid-conflict-with-guava.jar:/Users/aurinelle.bouekassa-taboudi/.m2/repository/com/google/code/findbugs/jsr305/3.0.2/jsr305-3.0.2.jar:/Users/aurinelle.bouekassa-taboudi/.m2/repository/org/checkerframework/checker-qual/3.12.0/checker-qual-3.12.0.jar:/Users/aurinelle.bouekassa-taboudi/.m2/repository/com/google/errorprone/error_prone_annotations/2.11.0/error_prone_annotations-2.11.0.jar:/Users/aurinelle.bouekassa-taboudi/.m2/repository/com/google/j2objc/j2objc-annotations/1.3/j2objc-annotations-1.3.jar:/Users/aurinelle.bouekassa-taboudi/.m2/repository/org/seleniumhq/selenium/selenium-chromium-driver/4.7.2/selenium-chromium-driver-4.7.2.jar:/Users/aurinelle.bouekassa-taboudi/.m2/repository/org/seleniumhq/selenium/selenium-json/4.7.2/selenium-json-4.7.2.jar:/Users/aurinelle.bouekassa-taboudi/.m2/repository/org/seleniumhq/selenium/selenium-devtools-v106/4.7.2/selenium-devtools-v106-4.7.2.jar:/Users/aurinelle.bouekassa-taboudi/.m2/repository/org/seleniumhq/selenium/selenium-devtools-v107/4.7.2/selenium-devtools-v107-4.7.2.jar:/Users/aurinelle.bouekassa-taboudi/.m2/repository/org/seleniumhq/selenium/selenium-devtools-v108/4.7.2/selenium-devtools-v108-4.7.2.jar:/Users/aurinelle.bouekassa-taboudi/.m2/repository/org/seleniumhq/selenium/selenium-devtools-v85/4.7.2/selenium-devtools-v85-4.7.2.jar:/Users/aurinelle.bouekassa-taboudi/.m2/repository/org/seleniumhq/selenium/selenium-edge-driver/4.7.2/selenium-edge-driver-4.7.2.jar:/Users/aurinelle.bouekassa-taboudi/.m2/repository/org/seleniumhq/selenium/selenium-firefox-driver/4.7.2/selenium-firefox-driver-4.7.2.jar:/Users/aurinelle.bouekassa-taboudi/.m2/repository/org/seleniumhq/selenium/selenium-http/4.7.2/selenium-http-4.7.2.jar:/Users/aurinelle.bouekassa-taboudi/.m2/repository/dev/failsafe/failsafe/3.3.0/failsafe-3.3.0.jar:/Users/aurinelle.bouekassa-taboudi/.m2/repository/org/seleniumhq/selenium/selenium-ie-driver/4.7.2/selenium-ie-driver-4.7.2.jar:/Users/aurinelle.bouekassa-taboudi/.m2/repository/org/seleniumhq/selenium/selenium-remote-driver/4.7.2/selenium-remote-driver-4.7.2.jar:/Users/aurinelle.bouekassa-taboudi/.m2/repository/io/netty/netty-buffer/4.1.84.Final/netty-buffer-4.1.84.Final.jar:/Users/aurinelle.bouekassa-taboudi/.m2/repository/io/netty/netty-codec-http/4.1.84.Final/netty-codec-http-4.1.84.Final.jar:/Users/aurinelle.bouekassa-taboudi/.m2/repository/io/netty/netty-codec/4.1.84.Final/netty-codec-4.1.84.Final.jar:/Users/aurinelle.bouekassa-taboudi/.m2/repository/io/netty/netty-handler/4.1.84.Final/netty-handler-4.1.84.Final.jar:/Users/aurinelle.bouekassa-taboudi/.m2/repository/io/netty/netty-common/4.1.84.Final/netty-common-4.1.84.Final.jar:/Users/aurinelle.bouekassa-taboudi/.m2/repository/io/netty/netty-transport-classes-epoll/4.1.84.Final/netty-transport-classes-epoll-4.1.84.Final.jar:/Users/aurinelle.bouekassa-taboudi/.m2/repository/io/netty/netty-transport-classes-kqueue/4.1.84.Final/netty-transport-classes-kqueue-4.1.84.Final.jar:/Users/aurinelle.bouekassa-taboudi/.m2/repository/io/netty/netty-transport-native-epoll/4.1.84.Final/netty-transport-native-epoll-4.1.84.Final.jar:/Users/aurinelle.bouekassa-taboudi/.m2/repository/io/netty/netty-transport-native-kqueue/4.1.84.Final/netty-transport-native-kqueue-4.1.84.Final.jar:/Users/aurinelle.bouekassa-taboudi/.m2/repository/io/netty/netty-transport-native-unix-common/4.1.84.Final/netty-transport-native-unix-common-4.1.84.Final.jar:/Users/aurinelle.bouekassa-taboudi/.m2/repository/io/netty/netty-transport/4.1.84.Final/netty-transport-4.1.84.Final.jar:/Users/aurinelle.bouekassa-taboudi/.m2/repository/io/netty/netty-resolver/4.1.84.Final/netty-resolver-4.1.84.Final.jar:/Users/aurinelle.bouekassa-taboudi/.m2/repository/io/opentelemetry/opentelemetry-api/1.19.0/opentelemetry-api-1.19.0.jar:/Users/aurinelle.bouekassa-taboudi/.m2/repository/io/opentelemetry/opentelemetry-context/1.19.0/opentelemetry-context-1.19.0.jar:/Users/aurinelle.bouekassa-taboudi/.m2/repository/io/opentelemetry/opentelemetry-exporter-logging/1.19.0/opentelemetry-exporter-logging-1.19.0.jar:/Users/aurinelle.bouekassa-taboudi/.m2/repository/io/opentelemetry/opentelemetry-sdk-metrics/1.19.0/opentelemetry-sdk-metrics-1.19.0.jar:/Users/aurinelle.bouekassa-taboudi/.m2/repository/io/opentelemetry/opentelemetry-sdk-logs/1.19.0-alpha/opentelemetry-sdk-logs-1.19.0-alpha.jar:/Users/aurinelle.bouekassa-taboudi/.m2/repository/io/opentelemetry/opentelemetry-api-logs/1.19.0-alpha/opentelemetry-api-logs-1.19.0-alpha.jar:/Users/aurinelle.bouekassa-taboudi/.m2/repository/io/opentelemetry/opentelemetry-sdk-common/1.19.0/opentelemetry-sdk-common-1.19.0.jar:/Users/aurinelle.bouekassa-taboudi/.m2/repository/io/opentelemetry/opentelemetry-sdk-extension-autoconfigure-spi/1.19.0/opentelemetry-sdk-extension-autoconfigure-spi-1.19.0.jar:/Users/aurinelle.bouekassa-taboudi/.m2/repository/io/opentelemetry/opentelemetry-sdk-extension-autoconfigure/1.19.0-alpha/opentelemetry-sdk-extension-autoconfigure-1.19.0-alpha.jar:/Users/aurinelle.bouekassa-taboudi/.m2/repository/io/opentelemetry/opentelemetry-exporter-common/1.19.0/opentelemetry-exporter-common-1.19.0.jar:/Users/aurinelle.bouekassa-taboudi/.m2/repository/io/opentelemetry/opentelemetry-sdk-trace/1.19.0/opentelemetry-sdk-trace-1.19.0.jar:/Users/aurinelle.bouekassa-taboudi/.m2/repository/io/opentelemetry/opentelemetry-sdk/1.19.0/opentelemetry-sdk-1.19.0.jar:/Users/aurinelle.bouekassa-taboudi/.m2/repository/io/opentelemetry/opentelemetry-semconv/1.19.0-alpha/opentelemetry-semconv-1.19.0-alpha.jar:/Users/aurinelle.bouekassa-taboudi/.m2/repository/io/ous/jtoml/2.0.0/jtoml-2.0.0.jar:/Users/aurinelle.bouekassa-taboudi/.m2/repository/net/bytebuddy/byte-buddy/1.12.18/byte-buddy-1.12.18.jar:/Users/aurinelle.bouekassa-taboudi/.m2/repository/org/apache/commons/commons-exec/1.3/commons-exec-1.3.jar:/Users/aurinelle.bouekassa-taboudi/.m2/repository/org/asynchttpclient/async-http-client/2.12.3/async-http-client-2.12.3.jar:/Users/aurinelle.bouekassa-taboudi/.m2/repository/org/asynchttpclient/async-http-client-netty-utils/2.12.3/async-http-client-netty-utils-2.12.3.jar:/Users/aurinelle.bouekassa-taboudi/.m2/repository/io/netty/netty-codec-socks/4.1.60.Final/netty-codec-socks-4.1.60.Final.jar:/Users/aurinelle.bouekassa-taboudi/.m2/repository/io/netty/netty-handler-proxy/4.1.60.Final/netty-handler-proxy-4.1.60.Final.jar:/Users/aurinelle.bouekassa-taboudi/.m2/repository/io/netty/netty-transport-native-epoll/4.1.60.Final/netty-transport-native-epoll-4.1.60.Final-linux-x86_64.jar:/Users/aurinelle.bouekassa-taboudi/.m2/repository/io/netty/netty-transport-native-kqueue/4.1.60.Final/netty-transport-native-kqueue-4.1.60.Final-osx-x86_64.jar:/Users/aurinelle.bouekassa-taboudi/.m2/repository/org/reactivestreams/reactive-streams/1.0.3/reactive-streams-1.0.3.jar:/Users/aurinelle.bouekassa-taboudi/.m2/repository/com/typesafe/netty/netty-reactive-streams/2.0.4/netty-reactive-streams-2.0.4.jar:/Users/aurinelle.bouekassa-taboudi/.m2/repository/com/sun/activation/jakarta.activation/1.2.2/jakarta.activation-1.2.2.jar:/Users/aurinelle.bouekassa-taboudi/.m2/repository/org/seleniumhq/selenium/selenium-manager/4.7.2/selenium-manager-4.7.2.jar:/Users/aurinelle.bouekassa-taboudi/.m2/repository/org/seleniumhq/selenium/selenium-safari-driver/4.7.2/selenium-safari-driver-4.7.2.jar:/Users/aurinelle.bouekassa-taboudi/.m2/repository/org/seleniumhq/selenium/selenium-support/4.7.2/selenium-support-4.7.2.jar:/Users/aurinelle.bouekassa-taboudi/.m2/repository/io/cucumber/cucumber-java/7.10.1/cucumber-java-7.10.1.jar:/Users/aurinelle.bouekassa-taboudi/.m2/repository/io/cucumber/cucumber-core/7.10.1/cucumber-core-7.10.1.jar:/Users/aurinelle.bouekassa-taboudi/.m2/repository/io/cucumber/cucumber-gherkin/7.10.1/cucumber-gherkin-7.10.1.jar:/Users/aurinelle.bouekassa-taboudi/.m2/repository/io/cucumber/cucumber-gherkin-messages/7.10.1/cucumber-gherkin-messages-7.10.1.jar:/Users/aurinelle.bouekassa-taboudi/.m2/repository/io/cucumber/gherkin/25.0.2/gherkin-25.0.2.jar:/Users/aurinelle.bouekassa-taboudi/.m2/repository/io/cucumber/messages/19.1.4/messages-19.1.4.jar:/Users/aurinelle.bouekassa-taboudi/.m2/repository/io/cucumber/tag-expressions/4.1.0/tag-expressions-4.1.0.jar:/Users/aurinelle.bouekassa-taboudi/.m2/repository/io/cucumber/cucumber-expressions/16.1.1/cucumber-expressions-16.1.1.jar:/Users/aurinelle.bouekassa-taboudi/.m2/repository/io/cucumber/datatable/7.10.1/datatable-7.10.1.jar:/Users/aurinelle.bouekassa-taboudi/.m2/repository/io/cucumber/cucumber-plugin/7.10.1/cucumber-plugin-7.10.1.jar:/Users/aurinelle.bouekassa-taboudi/.m2/repository/io/cucumber/docstring/7.10.1/docstring-7.10.1.jar:/Users/aurinelle.bouekassa-taboudi/.m2/repository/io/cucumber/html-formatter/20.2.0/html-formatter-20.2.0.jar:/Users/aurinelle.bouekassa-taboudi/.m2/repository/io/cucumber/ci-environment/9.1.0/ci-environment-9.1.0.jar:/Users/aurinelle.bouekassa-taboudi/.m2/repository/org/apiguardian/apiguardian-api/1.1.2/apiguardian-api-1.1.2.jar:/Users/aurinelle.bouekassa-taboudi/.m2/repository/org/testng/testng/7.7.1/testng-7.7.1.jar:/Users/aurinelle.bouekassa-taboudi/.m2/repository/org/slf4j/slf4j-api/1.7.36/slf4j-api-1.7.36.jar:/Users/aurinelle.bouekassa-taboudi/.m2/repository/com/beust/jcommander/1.82/jcommander-1.82.jar:/Users/aurinelle.bouekassa-taboudi/.m2/repository/org/webjars/jquery/3.6.1/jquery-3.6.1.jar:/Users/aurinelle.bouekassa-taboudi/.m2/repository/io/cucumber/cucumber-testng/7.10.1/cucumber-testng-7.10.1.jar:/Users/aurinelle.bouekassa-taboudi/.m2/repository/io/github/bonigarcia/webdrivermanager/5.3.1/webdrivermanager-5.3.1.jar:/Users/aurinelle.bouekassa-taboudi/.m2/repository/com/google/code/gson/gson/2.10/gson-2.10.jar:/Users/aurinelle.bouekassa-taboudi/.m2/repository/com/github/docker-java/docker-java/3.2.13/docker-java-3.2.13.jar:/Users/aurinelle.bouekassa-taboudi/.m2/repository/com/github/docker-java/docker-java-core/3.2.13/docker-java-core-3.2.13.jar:/Users/aurinelle.bouekassa-taboudi/.m2/repository/com/github/docker-java/docker-java-api/3.2.13/docker-java-api-3.2.13.jar:/Users/aurinelle.bouekassa-taboudi/.m2/repository/com/fasterxml/jackson/core/jackson-annotations/2.10.3/jackson-annotations-2.10.3.jar:/Users/aurinelle.bouekassa-taboudi/.m2/repository/commons-io/commons-io/2.6/commons-io-2.6.jar:/Users/aurinelle.bouekassa-taboudi/.m2/repository/org/apache/commons/commons-compress/1.21/commons-compress-1.21.jar:/Users/aurinelle.bouekassa-taboudi/.m2/repository/com/fasterxml/jackson/core/jackson-databind/2.10.3/jackson-databind-2.10.3.jar:/Users/aurinelle.bouekassa-taboudi/.m2/repository/com/fasterxml/jackson/core/jackson-core/2.10.3/jackson-core-2.10.3.jar:/Users/aurinelle.bouekassa-taboudi/.m2/repository/org/bouncycastle/bcpkix-jdk15on/1.64/bcpkix-jdk15on-1.64.jar:/Users/aurinelle.bouekassa-taboudi/.m2/repository/org/bouncycastle/bcprov-jdk15on/1.64/bcprov-jdk15on-1.64.jar:/Users/aurinelle.bouekassa-taboudi/.m2/repository/org/slf4j/jcl-over-slf4j/1.7.30/jcl-over-slf4j-1.7.30.jar:/Users/aurinelle.bouekassa-taboudi/.m2/repository/com/github/docker-java/docker-java-transport-httpclient5/3.2.13/docker-java-transport-httpclient5-3.2.13.jar:/Users/aurinelle.bouekassa-taboudi/.m2/repository/com/github/docker-java/docker-java-transport/3.2.13/docker-java-transport-3.2.13.jar:/Users/aurinelle.bouekassa-taboudi/.m2/repository/net/java/dev/jna/jna/5.8.0/jna-5.8.0.jar:/Users/aurinelle.bouekassa-taboudi/.m2/repository/org/brotli/dec/0.1.2/dec-0.1.2.jar:/Users/aurinelle.bouekassa-taboudi/.m2/repository/org/apache/commons/commons-lang3/3.12.0/commons-lang3-3.12.0.jar:/Users/aurinelle.bouekassa-taboudi/.m2/repository/org/apache/httpcomponents/client5/httpclient5/5.1.3/httpclient5-5.1.3.jar:/Users/aurinelle.bouekassa-taboudi/.m2/repository/org/apache/httpcomponents/core5/httpcore5/5.1.3/httpcore5-5.1.3.jar:/Users/aurinelle.bouekassa-taboudi/.m2/repository/org/apache/httpcomponents/core5/httpcore5-h2/5.1.3/httpcore5-h2-5.1.3.jar:/Users/aurinelle.bouekassa-taboudi/.m2/repository/commons-codec/commons-codec/1.15/commons-codec-1.15.jar:/Users/aurinelle.bouekassa-taboudi/.m2/repository/org/projectlombok/lombok/1.18.22/lombok-1.18.22.jar:/Users/aurinelle.bouekassa-taboudi/.m2/repository/org/apache/maven/surefire/surefire-testng-utils/2.22.0/surefire-testng-utils-2.22.0.jar:/Users/aurinelle.bouekassa-taboudi/.m2/repository/org/apache/maven/surefire/surefire-grouper/2.22.0/surefire-grouper-2.22.0.jar:"/>
    <property name="sun.cpu.endian" value="little"/>
    <property name="user.home" value="/Users/aurinelle.bouekassa-taboudi"/>
    <property name="user.language" value="en"/>
    <property name="java.specification.vendor" value="Oracle Corporation"/>
    <property name="java.version.date" value="2022-04-19"/>
    <property name="java.home" value="/Library/Java/JavaVirtualMachines/jdk-18.0.1.jdk/Contents/Home"/>
    <property name="file.separator" value="/"/>
    <property name="basedir" value="/Users/aurinelle.bouekassa-taboudi/GitHubRepos/ndelius-ui-automation"/>
    <property name="java.vm.compressedOopsMode" value="Zero based"/>
    <property name="line.separator" value="&#10;"/>
    <property name="java.vm.specification.vendor" value="Oracle Corporation"/>
    <property name="java.specification.name" value="Java Platform API Specification"/>
    <property name="apple.awt.application.name" value="ForkedBooter"/>
    <property name="surefire.real.class.path" value="/Users/aurinelle.bouekassa-taboudi/GitHubRepos/ndelius-ui-automation/target/surefire/surefirebooter8767131709866855224.jar"/>
    <property name="sun.management.compiler" value="HotSpot 64-Bit Tiered Compilers"/>
    <property name="java.runtime.version" value="18.0.1+10-24"/>
    <property name="user.name" value="aurinelle.bouekassa-taboudi"/>
    <property name="path.separator" value=":"/>
    <property name="os.version" value="12.6.1"/>
    <property name="java.runtime.name" value="Java(TM) SE Runtime Environment"/>
    <property name="file.encoding" value="UTF-8"/>
    <property name="java.vm.name" value="Java HotSpot(TM) 64-Bit Server VM"/>
    <property name="localRepository" value="/Users/aurinelle.bouekassa-taboudi/.m2/repository"/>
    <property name="java.vendor.url.bug" value="https://bugreport.java.com/bugreport/"/>
    <property name="java.io.tmpdir" value="/var/folders/t_/9djtjvxj1kqf64wcn8j9mb6c0000gn/T/"/>
    <property name="java.version" value="18.0.1"/>
    <property name="user.dir" value="/Users/aurinelle.bouekassa-taboudi/GitHubRepos/ndelius-ui-automation"/>
    <property name="os.arch" value="x86_64"/>
    <property name="java.vm.specification.name" value="Java Virtual Machine Specification"/>
    <property name="native.encoding" value="UTF-8"/>
    <property name="java.library.path" value="/Users/aurinelle.bouekassa-taboudi/Library/Java/Extensions:/Library/Java/Extensions:/Network/Library/Java/Extensions:/System/Library/Java/Extensions:/usr/lib/java:."/>
    <property name="java.vm.info" value="mixed mode, sharing"/>
    <property name="java.vendor" value="Oracle Corporation"/>
    <property name="java.vm.version" value="18.0.1+10-24"/>
    <property name="sun.io.unicode.encoding" value="UnicodeBig"/>
    <property name="java.class.version" value="62.0"/>
  </properties>
  <testcase name="runScenario" classname="RunCucumberTest" time="0.215">
    <failure type="java.lang.ExceptionInInitializerError">java.lang.ExceptionInInitializerError
Caused by: java.lang.NullPointerException: Cannot invoke "java.io.InputStream.close()" because "utils.PropertiesFileReader.inputStream" is null
</failure>
    <system-out><![CDATA[Exception: java.io.FileNotFoundException: property file 'null.properties' not found in the classpath 1234
]]></system-out>
    <system-err><![CDATA[SLF4J: Failed to load class "org.slf4j.impl.StaticLoggerBinder".
SLF4J: Defaulting to no-operation (NOP) logger implementation
SLF4J: See http://www.slf4j.org/codes.html#StaticLoggerBinder for further details.
]]></system-err>
  </testcase>
  <testcase name="runScenario" classname="RunCucumberTest" time="0.216">
    <failure message="Could not initialize class steps.BaseSteps" type="java.lang.NoClassDefFoundError">java.lang.NoClassDefFoundError: Could not initialize class steps.BaseSteps
Caused by: java.lang.ExceptionInInitializerError: Exception java.lang.NullPointerException [in thread "TestNG-PoolService-1"]
</failure>
  </testcase>
</testsuite>